# JRE version: OpenJDK Runtime Environment (8.0_242-b01) (build 1.8.0_242-release-1644-b01)
# Java VM: OpenJDK 64-Bit Server VM (25.242-b01 mixed mode windows-amd64 compressed oops)
Heap:
 PSYoungGen      total 189952K, used 48810K [0x00000000d5580000, 0x00000000e2c00000, 0x0000000100000000)
  eden space 171520K, 28% used [0x00000000d5580000,0x00000000d852a8d0,0x00000000dfd00000)
  from space 18432K, 0% used [0x00000000e0f80000,0x00000000e0f80000,0x00000000e2180000)
  to   space 18944K, 0% used [0x00000000dfd00000,0x00000000dfd00000,0x00000000e0f80000)
 ParOldGen       total 54784K, used 30128K [0x0000000080000000, 0x0000000083580000, 0x00000000d5580000)
  object space 54784K, 54% used [0x0000000080000000,0x0000000081d6c3b0,0x0000000083580000)
 Metaspace       used 60117K, capacity 62528K, committed 62872K, reserved 1103872K
  class space    used 8303K, capacity 8779K, committed 8880K, reserved 1048576K
GC Heap History (10 events):
Event: 60.088 GC heap before
{Heap before GC invocations=11 (full 2):
 PSYoungGen      total 133632K, used 9711K [0x00000000d5580000, 0x00000000df480000, 0x0000000100000000)
  eden space 123904K, 0% used [0x00000000d5580000,0x00000000d5580000,0x00000000dce80000)
  from space 9728K, 99% used [0x00000000dce80000,0x00000000dd7fbfe8,0x00000000dd800000)
  to   space 11776K, 0% used [0x00000000de900000,0x00000000de900000,0x00000000df480000)
 ParOldGen       total 38912K, used 14937K [0x0000000080000000, 0x0000000082600000, 0x00000000d5580000)
  object space 38912K, 38% used [0x0000000080000000,0x0000000080e96718,0x0000000082600000)
 Metaspace       used 34263K, capacity 35412K, committed 35496K, reserved 1079296K
  class space    used 4712K, capacity 5001K, committed 5040K, reserved 1048576K
Event: 60.302 GC heap after
Heap after GC invocations=11 (full 2):
 PSYoungGen      total 133632K, used 0K [0x00000000d5580000, 0x00000000df480000, 0x0000000100000000)
  eden space 123904K, 0% used [0x00000000d5580000,0x00000000d5580000,0x00000000dce80000)
  from space 9728K, 0% used [0x00000000dce80000,0x00000000dce80000,0x00000000dd800000)
  to   space 11776K, 0% used [0x00000000de900000,0x00000000de900000,0x00000000df480000)
 ParOldGen       total 54784K, used 17136K [0x0000000080000000, 0x0000000083580000, 0x00000000d5580000)
  object space 54784K, 31% used [0x0000000080000000,0x00000000810bc0e0,0x0000000083580000)
 Metaspace       used 34263K, capacity 35412K, committed 35496K, reserved 1079296K
  class space    used 4712K, capacity 5001K, committed 5040K, reserved 1048576K
}
Event: 71.157 GC heap before
{Heap before GC invocations=12 (full 2):
 PSYoungGen      total 133632K, used 123904K [0x00000000d5580000, 0x00000000df480000, 0x0000000100000000)
  eden space 123904K, 100% used [0x00000000d5580000,0x00000000dce80000,0x00000000dce80000)
  from space 9728K, 0% used [0x00000000dce80000,0x00000000dce80000,0x00000000dd800000)
  to   space 11776K, 0% used [0x00000000de900000,0x00000000de900000,0x00000000df480000)
 ParOldGen       total 54784K, used 17136K [0x0000000080000000, 0x0000000083580000, 0x00000000d5580000)
  object space 54784K, 31% used [0x0000000080000000,0x00000000810bc0e0,0x0000000083580000)
 Metaspace       used 40908K, capacity 42632K, committed 42920K, reserved 1085440K
  class space    used 5595K, capacity 5994K, committed 6064K, reserved 1048576K
Event: 71.196 GC heap after
Heap after GC invocations=12 (full 2):
 PSYoungGen      total 150016K, used 10559K [0x00000000d5580000, 0x00000000e0500000, 0x0000000100000000)
  eden space 138240K, 0% used [0x00000000d5580000,0x00000000d5580000,0x00000000ddc80000)
  from space 11776K, 89% used [0x00000000de900000,0x00000000df34fd30,0x00000000df480000)
  to   space 12800K, 0% used [0x00000000ddc80000,0x00000000ddc80000,0x00000000de900000)
 ParOldGen       total 54784K, used 17144K [0x0000000080000000, 0x0000000083580000, 0x00000000d5580000)
  object space 54784K, 31% used [0x0000000080000000,0x00000000810be0e0,0x0000000083580000)
 Metaspace       used 40908K, capacity 42632K, committed 42920K, reserved 1085440K
  class space    used 5595K, capacity 5994K, committed 6064K, reserved 1048576K
}
Event: 82.998 GC heap before
{Heap before GC invocations=13 (full 2):
 PSYoungGen      total 150016K, used 148799K [0x00000000d5580000, 0x00000000e0500000, 0x0000000100000000)
  eden space 138240K, 100% used [0x00000000d5580000,0x00000000ddc80000,0x00000000ddc80000)
  from space 11776K, 89% used [0x00000000de900000,0x00000000df34fd30,0x00000000df480000)
  to   space 12800K, 0% used [0x00000000ddc80000,0x00000000ddc80000,0x00000000de900000)
 ParOldGen       total 54784K, used 17144K [0x0000000080000000, 0x0000000083580000, 0x00000000d5580000)
  object space 54784K, 31% used [0x0000000080000000,0x00000000810be0e0,0x0000000083580000)
 Metaspace       used 54098K, capacity 56200K, committed 56488K, reserved 1097728K
  class space    used 7336K, capacity 7772K, committed 7856K, reserved 1048576K
Event: 83.111 GC heap after
Heap after GC invocations=13 (full 2):
 PSYoungGen      total 151040K, used 12780K [0x00000000d5580000, 0x00000000e2180000, 0x0000000100000000)
  eden space 138240K, 0% used [0x00000000d5580000,0x00000000d5580000,0x00000000ddc80000)
  from space 12800K, 99% used [0x00000000ddc80000,0x00000000de8fb310,0x00000000de900000)
  to   space 18432K, 0% used [0x00000000e0f80000,0x00000000e0f80000,0x00000000e2180000)
 ParOldGen       total 54784K, used 27434K [0x0000000080000000, 0x0000000083580000, 0x00000000d5580000)
  object space 54784K, 50% used [0x0000000080000000,0x0000000081aca818,0x0000000083580000)
 Metaspace       used 54098K, capacity 56200K, committed 56488K, reserved 1097728K
  class space    used 7336K, capacity 7772K, committed 7856K, reserved 1048576K
}
Event: 86.063 GC heap before
{Heap before GC invocations=14 (full 2):
 PSYoungGen      total 151040K, used 50852K [0x00000000d5580000, 0x00000000e2180000, 0x0000000100000000)
  eden space 138240K, 27% used [0x00000000d5580000,0x00000000d7aadf88,0x00000000ddc80000)
  from space 12800K, 99% used [0x00000000ddc80000,0x00000000de8fb310,0x00000000de900000)
  to   space 18432K, 0% used [0x00000000e0f80000,0x00000000e0f80000,0x00000000e2180000)
 ParOldGen       total 54784K, used 27434K [0x0000000080000000, 0x0000000083580000, 0x00000000d5580000)
  object space 54784K, 50% used [0x0000000080000000,0x0000000081aca818,0x0000000083580000)
 Metaspace       used 56790K, capacity 59086K, committed 59160K, reserved 1099776K
  class space    used 7754K, capacity 8226K, committed 8240K, reserved 1048576K
Event: 86.160 GC heap after
Heap after GC invocations=14 (full 2):
 PSYoungGen      total 189952K, used 12095K [0x00000000d5580000, 0x00000000e2c00000, 0x0000000100000000)
  eden space 171520K, 0% used [0x00000000d5580000,0x00000000d5580000,0x00000000dfd00000)
  from space 18432K, 65% used [0x00000000e0f80000,0x00000000e1b4fc00,0x00000000e2180000)
  to   space 18944K, 0% used [0x00000000dfd00000,0x00000000dfd00000,0x00000000e0f80000)
 ParOldGen       total 54784K, used 31619K [0x0000000080000000, 0x0000000083580000, 0x00000000d5580000)
  object space 54784K, 57% used [0x0000000080000000,0x0000000081ee0f88,0x0000000083580000)
 Metaspace       used 56790K, capacity 59086K, committed 59160K, reserved 1099776K
  class space    used 7754K, capacity 8226K, committed 8240K, reserved 1048576K
}
Event: 86.160 GC heap before
{Heap before GC invocations=15 (full 3):
 PSYoungGen      total 189952K, used 12095K [0x00000000d5580000, 0x00000000e2c00000, 0x0000000100000000)
  eden space 171520K, 0% used [0x00000000d5580000,0x00000000d5580000,0x00000000dfd00000)
  from space 18432K, 65% used [0x00000000e0f80000,0x00000000e1b4fc00,0x00000000e2180000)
  to   space 18944K, 0% used [0x00000000dfd00000,0x00000000dfd00000,0x00000000e0f80000)
 ParOldGen       total 54784K, used 31619K [0x0000000080000000, 0x0000000083580000, 0x00000000d5580000)
  object space 54784K, 57% used [0x0000000080000000,0x0000000081ee0f88,0x0000000083580000)
 Metaspace       used 56790K, capacity 59086K, committed 59160K, reserved 1099776K
  class space    used 7754K, capacity 8226K, committed 8240K, reserved 1048576K
Event: 86.542 GC heap after
Heap after GC invocations=15 (full 3):
 PSYoungGen      total 189952K, used 0K [0x00000000d5580000, 0x00000000e2c00000, 0x0000000100000000)
  eden space 171520K, 0% used [0x00000000d5580000,0x00000000d5580000,0x00000000dfd00000)
  from space 18432K, 0% used [0x00000000e0f80000,0x00000000e0f80000,0x00000000e2180000)
  to   space 18944K, 0% used [0x00000000dfd00000,0x00000000dfd00000,0x00000000e0f80000)
 ParOldGen       total 54784K, used 30128K [0x0000000080000000, 0x0000000083580000, 0x00000000d5580000)
  object space 54784K, 54% used [0x0000000080000000,0x0000000081d6c3b0,0x0000000083580000)
 Metaspace       used 56790K, capacity 59086K, committed 59160K, reserved 1099776K
  class space    used 7754K, capacity 8226K, committed 8240K, reserved 1048576K
}

