# JRE version: OpenJDK Runtime Environment (8.0_242-b01) (build 1.8.0_242-release-1644-b01)
# Java VM: OpenJDK 64-Bit Server VM (25.242-b01 mixed mode windows-amd64 compressed oops)
Heap:
 PSYoungGen      total 118272K, used 61613K [0x00000000d5580000, 0x00000000de500000, 0x0000000100000000)
  eden space 111616K, 49% used [0x00000000d5580000,0x00000000d8b8b268,0x00000000dc280000)
  from space 6656K, 94% used [0x00000000dde80000,0x00000000de4a0498,0x00000000de500000)
  to   space 10240K, 0% used [0x00000000dd100000,0x00000000dd100000,0x00000000ddb00000)
 ParOldGen       total 48128K, used 14444K [0x0000000080000000, 0x0000000082f00000, 0x00000000d5580000)
  object space 48128K, 30% used [0x0000000080000000,0x0000000080e1b330,0x0000000082f00000)
 Metaspace       used 43873K, capacity 45622K, committed 46040K, reserved 1089536K
  class space    used 5925K, capacity 6275K, committed 6400K, reserved 1048576K
GC Heap History (10 events):
Event: 43.653 GC heap before
{Heap before GC invocations=10 (full 1):
 PSYoungGen      total 67584K, used 60416K [0x00000000d5580000, 0x00000000d9f80000, 0x0000000100000000)
  eden space 60416K, 100% used [0x00000000d5580000,0x00000000d9080000,0x00000000d9080000)
  from space 7168K, 0% used [0x00000000d9880000,0x00000000d9880000,0x00000000d9f80000)
  to   space 7680K, 0% used [0x00000000d9080000,0x00000000d9080000,0x00000000d9800000)
 ParOldGen       total 33792K, used 11340K [0x0000000080000000, 0x0000000082100000, 0x00000000d5580000)
  object space 33792K, 33% used [0x0000000080000000,0x0000000080b13290,0x0000000082100000)
 Metaspace       used 28129K, capacity 28920K, committed 29056K, reserved 1075200K
  class space    used 3871K, capacity 4128K, committed 4224K, reserved 1048576K
Event: 43.771 GC heap after
Heap after GC invocations=10 (full 1):
 PSYoungGen      total 68096K, used 7667K [0x00000000d5580000, 0x00000000dbe00000, 0x0000000100000000)
  eden space 60416K, 0% used [0x00000000d5580000,0x00000000d5580000,0x00000000d9080000)
  from space 7680K, 99% used [0x00000000d9080000,0x00000000d97fccd0,0x00000000d9800000)
  to   space 8704K, 0% used [0x00000000db580000,0x00000000db580000,0x00000000dbe00000)
 ParOldGen       total 33792K, used 11471K [0x0000000080000000, 0x0000000082100000, 0x00000000d5580000)
  object space 33792K, 33% used [0x0000000080000000,0x0000000080b33e78,0x0000000082100000)
 Metaspace       used 28129K, capacity 28920K, committed 29056K, reserved 1075200K
  class space    used 3871K, capacity 4128K, committed 4224K, reserved 1048576K
}
Event: 48.980 GC heap before
{Heap before GC invocations=11 (full 1):
 PSYoungGen      total 68096K, used 68083K [0x00000000d5580000, 0x00000000dbe00000, 0x0000000100000000)
  eden space 60416K, 100% used [0x00000000d5580000,0x00000000d9080000,0x00000000d9080000)
  from space 7680K, 99% used [0x00000000d9080000,0x00000000d97fccd0,0x00000000d9800000)
  to   space 8704K, 0% used [0x00000000db580000,0x00000000db580000,0x00000000dbe00000)
 ParOldGen       total 33792K, used 11471K [0x0000000080000000, 0x0000000082100000, 0x00000000d5580000)
  object space 33792K, 33% used [0x0000000080000000,0x0000000080b33e78,0x0000000082100000)
 Metaspace       used 32672K, capacity 33636K, committed 33664K, reserved 1079296K
  class space    used 4449K, capacity 4718K, committed 4736K, reserved 1048576K
Event: 49.155 GC heap after
Heap after GC invocations=11 (full 1):
 PSYoungGen      total 96768K, used 8687K [0x00000000d5580000, 0x00000000dc180000, 0x0000000100000000)
  eden space 88064K, 0% used [0x00000000d5580000,0x00000000d5580000,0x00000000dab80000)
  from space 8704K, 99% used [0x00000000db580000,0x00000000dbdfbdb0,0x00000000dbe00000)
  to   space 10240K, 0% used [0x00000000dab80000,0x00000000dab80000,0x00000000db580000)
 ParOldGen       total 33792K, used 11771K [0x0000000080000000, 0x0000000082100000, 0x00000000d5580000)
  object space 33792K, 34% used [0x0000000080000000,0x0000000080b7ede0,0x0000000082100000)
 Metaspace       used 32672K, capacity 33636K, committed 33664K, reserved 1079296K
  class space    used 4449K, capacity 4718K, committed 4736K, reserved 1048576K
}
Event: 52.160 GC heap before
{Heap before GC invocations=12 (full 1):
 PSYoungGen      total 96768K, used 43948K [0x00000000d5580000, 0x00000000dc180000, 0x0000000100000000)
  eden space 88064K, 40% used [0x00000000d5580000,0x00000000d77ef640,0x00000000dab80000)
  from space 8704K, 99% used [0x00000000db580000,0x00000000dbdfbdb0,0x00000000dbe00000)
  to   space 10240K, 0% used [0x00000000dab80000,0x00000000dab80000,0x00000000db580000)
 ParOldGen       total 33792K, used 11771K [0x0000000080000000, 0x0000000082100000, 0x00000000d5580000)
  object space 33792K, 34% used [0x0000000080000000,0x0000000080b7ede0,0x0000000082100000)
 Metaspace       used 34225K, capacity 35380K, committed 35416K, reserved 1079296K
  class space    used 4709K, capacity 4969K, committed 4992K, reserved 1048576K
Event: 52.190 GC heap after
Heap after GC invocations=12 (full 1):
 PSYoungGen      total 98304K, used 2439K [0x00000000d5580000, 0x00000000de880000, 0x0000000100000000)
  eden space 88064K, 0% used [0x00000000d5580000,0x00000000d5580000,0x00000000dab80000)
  from space 10240K, 23% used [0x00000000dab80000,0x00000000dade1c18,0x00000000db580000)
  to   space 10240K, 0% used [0x00000000dde80000,0x00000000dde80000,0x00000000de880000)
 ParOldGen       total 33792K, used 17455K [0x0000000080000000, 0x0000000082100000, 0x00000000d5580000)
  object space 33792K, 51% used [0x0000000080000000,0x000000008110be78,0x0000000082100000)
 Metaspace       used 34225K, capacity 35380K, committed 35416K, reserved 1079296K
  class space    used 4709K, capacity 4969K, committed 4992K, reserved 1048576K
}
Event: 52.190 GC heap before
{Heap before GC invocations=13 (full 2):
 PSYoungGen      total 98304K, used 2439K [0x00000000d5580000, 0x00000000de880000, 0x0000000100000000)
  eden space 88064K, 0% used [0x00000000d5580000,0x00000000d5580000,0x00000000dab80000)
  from space 10240K, 23% used [0x00000000dab80000,0x00000000dade1c18,0x00000000db580000)
  to   space 10240K, 0% used [0x00000000dde80000,0x00000000dde80000,0x00000000de880000)
 ParOldGen       total 33792K, used 17455K [0x0000000080000000, 0x0000000082100000, 0x00000000d5580000)
  object space 33792K, 51% used [0x0000000080000000,0x000000008110be78,0x0000000082100000)
 Metaspace       used 34225K, capacity 35380K, committed 35416K, reserved 1079296K
  class space    used 4709K, capacity 4969K, committed 4992K, reserved 1048576K
Event: 52.757 GC heap after
Heap after GC invocations=13 (full 2):
 PSYoungGen      total 98304K, used 0K [0x00000000d5580000, 0x00000000de880000, 0x0000000100000000)
  eden space 88064K, 0% used [0x00000000d5580000,0x00000000d5580000,0x00000000dab80000)
  from space 10240K, 0% used [0x00000000dab80000,0x00000000dab80000,0x00000000db580000)
  to   space 10240K, 0% used [0x00000000dde80000,0x00000000dde80000,0x00000000de880000)
 ParOldGen       total 48128K, used 14436K [0x0000000080000000, 0x0000000082f00000, 0x00000000d5580000)
  object space 48128K, 29% used [0x0000000080000000,0x0000000080e19330,0x0000000082f00000)
 Metaspace       used 34225K, capacity 35380K, committed 35416K, reserved 1079296K
  class space    used 4709K, capacity 4969K, committed 4992K, reserved 1048576K
}
Event: 62.330 GC heap before
{Heap before GC invocations=14 (full 2):
 PSYoungGen      total 98304K, used 88064K [0x00000000d5580000, 0x00000000de880000, 0x0000000100000000)
  eden space 88064K, 100% used [0x00000000d5580000,0x00000000dab80000,0x00000000dab80000)
  from space 10240K, 0% used [0x00000000dab80000,0x00000000dab80000,0x00000000db580000)
  to   space 10240K, 0% used [0x00000000dde80000,0x00000000dde80000,0x00000000de880000)
 ParOldGen       total 48128K, used 14436K [0x0000000080000000, 0x0000000082f00000, 0x00000000d5580000)
  object space 48128K, 29% used [0x0000000080000000,0x0000000080e19330,0x0000000082f00000)
 Metaspace       used 36987K, capacity 38548K, committed 38744K, reserved 1083392K
  class space    used 5091K, capacity 5390K, committed 5504K, reserved 1048576K
Event: 62.358 GC heap after
Heap after GC invocations=14 (full 2):
 PSYoungGen      total 118272K, used 6273K [0x00000000d5580000, 0x00000000de500000, 0x0000000100000000)
  eden space 111616K, 0% used [0x00000000d5580000,0x00000000d5580000,0x00000000dc280000)
  from space 6656K, 94% used [0x00000000dde80000,0x00000000de4a0498,0x00000000de500000)
  to   space 10240K, 0% used [0x00000000dd100000,0x00000000dd100000,0x00000000ddb00000)
 ParOldGen       total 48128K, used 14444K [0x0000000080000000, 0x0000000082f00000, 0x00000000d5580000)
  object space 48128K, 30% used [0x0000000080000000,0x0000000080e1b330,0x0000000082f00000)
 Metaspace       used 36987K, capacity 38548K, committed 38744K, reserved 1083392K
  class space    used 5091K, capacity 5390K, committed 5504K, reserved 1048576K
}

