# JRE version: OpenJDK Runtime Environment (8.0_242-b01) (build 1.8.0_242-release-1644-b01)
# Java VM: OpenJDK 64-Bit Server VM (25.242-b01 mixed mode windows-amd64 compressed oops)
Heap:
 PSYoungGen      total 132608K, used 39017K [0x00000000d5580000, 0x00000000de080000, 0x0000000100000000)
  eden space 123904K, 31% used [0x00000000d5580000,0x00000000d7b9a5a8,0x00000000dce80000)
  from space 8704K, 0% used [0x00000000dd800000,0x00000000dd800000,0x00000000de080000)
  to   space 9216K, 0% used [0x00000000dce80000,0x00000000dce80000,0x00000000dd780000)
 ParOldGen       total 31232K, used 8984K [0x0000000080000000, 0x0000000081e80000, 0x00000000d5580000)
  object space 31232K, 28% used [0x0000000080000000,0x00000000808c6250,0x0000000081e80000)
 Metaspace       used 23085K, capacity 23854K, committed 24064K, reserved 1069056K
  class space    used 3276K, capacity 3509K, committed 3584K, reserved 1048576K
GC Heap History (10 events):
Event: 14.324 GC heap before
{Heap before GC invocations=5 (full 0):
 PSYoungGen      total 34304K, used 34288K [0x00000000d5580000, 0x00000000d7980000, 0x0000000100000000)
  eden space 31744K, 100% used [0x00000000d5580000,0x00000000d7480000,0x00000000d7480000)
  from space 2560K, 99% used [0x00000000d7700000,0x00000000d797c030,0x00000000d7980000)
  to   space 2560K, 0% used [0x00000000d7480000,0x00000000d7480000,0x00000000d7700000)
 ParOldGen       total 42496K, used 1296K [0x0000000080000000, 0x0000000082980000, 0x00000000d5580000)
  object space 42496K, 3% used [0x0000000080000000,0x0000000080144280,0x0000000082980000)
 Metaspace       used 11334K, capacity 11594K, committed 11904K, reserved 1058816K
  class space    used 1499K, capacity 1607K, committed 1664K, reserved 1048576K
Event: 14.341 GC heap after
Heap after GC invocations=5 (full 0):
 PSYoungGen      total 34304K, used 2544K [0x00000000d5580000, 0x00000000d9e80000, 0x0000000100000000)
  eden space 31744K, 0% used [0x00000000d5580000,0x00000000d5580000,0x00000000d7480000)
  from space 2560K, 99% used [0x00000000d7480000,0x00000000d76fc010,0x00000000d7700000)
  to   space 5632K, 0% used [0x00000000d9900000,0x00000000d9900000,0x00000000d9e80000)
 ParOldGen       total 42496K, used 4468K [0x0000000080000000, 0x0000000082980000, 0x00000000d5580000)
  object space 42496K, 10% used [0x0000000080000000,0x000000008045d240,0x0000000082980000)
 Metaspace       used 11334K, capacity 11594K, committed 11904K, reserved 1058816K
  class space    used 1499K, capacity 1607K, committed 1664K, reserved 1048576K
}
Event: 23.163 GC heap before
{Heap before GC invocations=6 (full 0):
 PSYoungGen      total 34304K, used 34288K [0x00000000d5580000, 0x00000000d9e80000, 0x0000000100000000)
  eden space 31744K, 100% used [0x00000000d5580000,0x00000000d7480000,0x00000000d7480000)
  from space 2560K, 99% used [0x00000000d7480000,0x00000000d76fc010,0x00000000d7700000)
  to   space 5632K, 0% used [0x00000000d9900000,0x00000000d9900000,0x00000000d9e80000)
 ParOldGen       total 42496K, used 4468K [0x0000000080000000, 0x0000000082980000, 0x00000000d5580000)
  object space 42496K, 10% used [0x0000000080000000,0x000000008045d240,0x0000000082980000)
 Metaspace       used 14385K, capacity 14896K, committed 15232K, reserved 1062912K
  class space    used 1967K, capacity 2088K, committed 2176K, reserved 1048576K
Event: 23.183 GC heap after
Heap after GC invocations=6 (full 0):
 PSYoungGen      total 67584K, used 5629K [0x00000000d5580000, 0x00000000da180000, 0x0000000100000000)
  eden space 61952K, 0% used [0x00000000d5580000,0x00000000d5580000,0x00000000d9200000)
  from space 5632K, 99% used [0x00000000d9900000,0x00000000d9e7f410,0x00000000d9e80000)
  to   space 7168K, 0% used [0x00000000d9200000,0x00000000d9200000,0x00000000d9900000)
 ParOldGen       total 42496K, used 4808K [0x0000000080000000, 0x0000000082980000, 0x00000000d5580000)
  object space 42496K, 11% used [0x0000000080000000,0x00000000804b23e8,0x0000000082980000)
 Metaspace       used 14385K, capacity 14896K, committed 15232K, reserved 1062912K
  class space    used 1967K, capacity 2088K, committed 2176K, reserved 1048576K
}
Event: 31.526 GC heap before
{Heap before GC invocations=7 (full 0):
 PSYoungGen      total 67584K, used 67581K [0x00000000d5580000, 0x00000000da180000, 0x0000000100000000)
  eden space 61952K, 100% used [0x00000000d5580000,0x00000000d9200000,0x00000000d9200000)
  from space 5632K, 99% used [0x00000000d9900000,0x00000000d9e7f410,0x00000000d9e80000)
  to   space 7168K, 0% used [0x00000000d9200000,0x00000000d9200000,0x00000000d9900000)
 ParOldGen       total 42496K, used 4808K [0x0000000080000000, 0x0000000082980000, 0x00000000d5580000)
  object space 42496K, 11% used [0x0000000080000000,0x00000000804b23e8,0x0000000082980000)
 Metaspace       used 19914K, capacity 20558K, committed 20608K, reserved 1067008K
  class space    used 2760K, capacity 2941K, committed 2944K, reserved 1048576K
Event: 31.672 GC heap after
Heap after GC invocations=7 (full 0):
 PSYoungGen      total 69120K, used 7158K [0x00000000d5580000, 0x00000000de180000, 0x0000000100000000)
  eden space 61952K, 0% used [0x00000000d5580000,0x00000000d5580000,0x00000000d9200000)
  from space 7168K, 99% used [0x00000000d9200000,0x00000000d98fd910,0x00000000d9900000)
  to   space 9728K, 0% used [0x00000000dd800000,0x00000000dd800000,0x00000000de180000)
 ParOldGen       total 42496K, used 7618K [0x0000000080000000, 0x0000000082980000, 0x00000000d5580000)
  object space 42496K, 17% used [0x0000000080000000,0x0000000080770b08,0x0000000082980000)
 Metaspace       used 19914K, capacity 20558K, committed 20608K, reserved 1067008K
  class space    used 2760K, capacity 2941K, committed 2944K, reserved 1048576K
}
Event: 32.552 GC heap before
{Heap before GC invocations=8 (full 0):
 PSYoungGen      total 69120K, used 16968K [0x00000000d5580000, 0x00000000de180000, 0x0000000100000000)
  eden space 61952K, 15% used [0x00000000d5580000,0x00000000d5f14a10,0x00000000d9200000)
  from space 7168K, 99% used [0x00000000d9200000,0x00000000d98fd910,0x00000000d9900000)
  to   space 9728K, 0% used [0x00000000dd800000,0x00000000dd800000,0x00000000de180000)
 ParOldGen       total 42496K, used 7618K [0x0000000080000000, 0x0000000082980000, 0x00000000d5580000)
  object space 42496K, 17% used [0x0000000080000000,0x0000000080770b08,0x0000000082980000)
 Metaspace       used 20552K, capacity 21192K, committed 21248K, reserved 1067008K
  class space    used 2865K, capacity 3044K, committed 3072K, reserved 1048576K
Event: 32.651 GC heap after
Heap after GC invocations=8 (full 0):
 PSYoungGen      total 132608K, used 4258K [0x00000000d5580000, 0x00000000de080000, 0x0000000100000000)
  eden space 123904K, 0% used [0x00000000d5580000,0x00000000d5580000,0x00000000dce80000)
  from space 8704K, 48% used [0x00000000dd800000,0x00000000ddc28898,0x00000000de080000)
  to   space 9216K, 0% used [0x00000000dce80000,0x00000000dce80000,0x00000000dd780000)
 ParOldGen       total 42496K, used 8298K [0x0000000080000000, 0x0000000082980000, 0x00000000d5580000)
  object space 42496K, 19% used [0x0000000080000000,0x000000008081ab08,0x0000000082980000)
 Metaspace       used 20552K, capacity 21192K, committed 21248K, reserved 1067008K
  class space    used 2865K, capacity 3044K, committed 3072K, reserved 1048576K
}
Event: 32.651 GC heap before
{Heap before GC invocations=9 (full 1):
 PSYoungGen      total 132608K, used 4258K [0x00000000d5580000, 0x00000000de080000, 0x0000000100000000)
  eden space 123904K, 0% used [0x00000000d5580000,0x00000000d5580000,0x00000000dce80000)
  from space 8704K, 48% used [0x00000000dd800000,0x00000000ddc28898,0x00000000de080000)
  to   space 9216K, 0% used [0x00000000dce80000,0x00000000dce80000,0x00000000dd780000)
 ParOldGen       total 42496K, used 8298K [0x0000000080000000, 0x0000000082980000, 0x00000000d5580000)
  object space 42496K, 19% used [0x0000000080000000,0x000000008081ab08,0x0000000082980000)
 Metaspace       used 20552K, capacity 21192K, committed 21248K, reserved 1067008K
  class space    used 2865K, capacity 3044K, committed 3072K, reserved 1048576K
Event: 32.876 GC heap after
Heap after GC invocations=9 (full 1):
 PSYoungGen      total 132608K, used 0K [0x00000000d5580000, 0x00000000de080000, 0x0000000100000000)
  eden space 123904K, 0% used [0x00000000d5580000,0x00000000d5580000,0x00000000dce80000)
  from space 8704K, 0% used [0x00000000dd800000,0x00000000dd800000,0x00000000de080000)
  to   space 9216K, 0% used [0x00000000dce80000,0x00000000dce80000,0x00000000dd780000)
 ParOldGen       total 31232K, used 8984K [0x0000000080000000, 0x0000000081e80000, 0x00000000d5580000)
  object space 31232K, 28% used [0x0000000080000000,0x00000000808c6250,0x0000000081e80000)
 Metaspace       used 20552K, capacity 21192K, committed 21248K, reserved 1067008K
  class space    used 2865K, capacity 3044K, committed 3072K, reserved 1048576K
}

