# JRE version: OpenJDK Runtime Environment (8.0_242-b01) (build 1.8.0_242-release-1644-b01)
# Java VM: OpenJDK 64-Bit Server VM (25.242-b01 mixed mode windows-amd64 compressed oops)
Heap:
 PSYoungGen      total 222720K, used 153141K [0x00000000d5580000, 0x00000000e5680000, 0x0000000100000000)
  eden space 202240K, 65% used [0x00000000d5580000,0x00000000dd714328,0x00000000e1b00000)
  from space 20480K, 99% used [0x00000000e3400000,0x00000000e47f91b8,0x00000000e4800000)
  to   space 25600K, 0% used [0x00000000e1b00000,0x00000000e1b00000,0x00000000e3400000)
 ParOldGen       total 82944K, used 50620K [0x0000000080000000, 0x0000000085100000, 0x00000000d5580000)
  object space 82944K, 61% used [0x0000000080000000,0x000000008316f1a8,0x0000000085100000)
 Metaspace       used 81299K, capacity 84742K, committed 84952K, reserved 1122304K
  class space    used 10538K, capacity 11223K, committed 11264K, reserved 1048576K
GC Heap History (10 events):
Event: 107.616 GC heap before
{Heap before GC invocations=17 (full 2):
 PSYoungGen      total 156160K, used 93451K [0x00000000d5580000, 0x00000000e0380000, 0x0000000100000000)
  eden space 145408K, 56% used [0x00000000d5580000,0x00000000da643e10,0x00000000de380000)
  from space 10752K, 99% used [0x00000000df280000,0x00000000dfcfee28,0x00000000dfd00000)
  to   space 15360K, 0% used [0x00000000de380000,0x00000000de380000,0x00000000df280000)
 ParOldGen       total 49664K, used 21635K [0x0000000080000000, 0x0000000083080000, 0x00000000d5580000)
  object space 49664K, 43% used [0x0000000080000000,0x0000000081520fb0,0x0000000083080000)
 Metaspace       used 56592K, capacity 58836K, committed 58968K, reserved 1099776K
  class space    used 7732K, capacity 8227K, committed 8320K, reserved 1048576K
Event: 107.755 GC heap after
Heap after GC invocations=17 (full 2):
 PSYoungGen      total 160768K, used 9740K [0x00000000d5580000, 0x00000000e3500000, 0x0000000100000000)
  eden space 145408K, 0% used [0x00000000d5580000,0x00000000d5580000,0x00000000de380000)
  from space 15360K, 63% used [0x00000000de380000,0x00000000ded030c0,0x00000000df280000)
  to   space 15872K, 0% used [0x00000000e2580000,0x00000000e2580000,0x00000000e3500000)
 ParOldGen       total 49664K, used 28392K [0x0000000080000000, 0x0000000083080000, 0x00000000d5580000)
  object space 49664K, 57% used [0x0000000080000000,0x0000000081bba328,0x0000000083080000)
 Metaspace       used 56592K, capacity 58836K, committed 58968K, reserved 1099776K
  class space    used 7732K, capacity 8227K, committed 8320K, reserved 1048576K
}
Event: 107.755 GC heap before
{Heap before GC invocations=18 (full 3):
 PSYoungGen      total 160768K, used 9740K [0x00000000d5580000, 0x00000000e3500000, 0x0000000100000000)
  eden space 145408K, 0% used [0x00000000d5580000,0x00000000d5580000,0x00000000de380000)
  from space 15360K, 63% used [0x00000000de380000,0x00000000ded030c0,0x00000000df280000)
  to   space 15872K, 0% used [0x00000000e2580000,0x00000000e2580000,0x00000000e3500000)
 ParOldGen       total 49664K, used 28392K [0x0000000080000000, 0x0000000083080000, 0x00000000d5580000)
  object space 49664K, 57% used [0x0000000080000000,0x0000000081bba328,0x0000000083080000)
 Metaspace       used 56592K, capacity 58836K, committed 58968K, reserved 1099776K
  class space    used 7732K, capacity 8227K, committed 8320K, reserved 1048576K
Event: 109.087 GC heap after
Heap after GC invocations=18 (full 3):
 PSYoungGen      total 160768K, used 0K [0x00000000d5580000, 0x00000000e3500000, 0x0000000100000000)
  eden space 145408K, 0% used [0x00000000d5580000,0x00000000d5580000,0x00000000de380000)
  from space 15360K, 0% used [0x00000000de380000,0x00000000de380000,0x00000000df280000)
  to   space 15872K, 0% used [0x00000000e2580000,0x00000000e2580000,0x00000000e3500000)
 ParOldGen       total 82944K, used 32649K [0x0000000080000000, 0x0000000085100000, 0x00000000d5580000)
  object space 82944K, 39% used [0x0000000080000000,0x0000000081fe2780,0x0000000085100000)
 Metaspace       used 56590K, capacity 58830K, committed 58968K, reserved 1099776K
  class space    used 7732K, capacity 8226K, committed 8320K, reserved 1048576K
}
Event: 128.025 GC heap before
{Heap before GC invocations=19 (full 3):
 PSYoungGen      total 160768K, used 145408K [0x00000000d5580000, 0x00000000e3500000, 0x0000000100000000)
  eden space 145408K, 100% used [0x00000000d5580000,0x00000000de380000,0x00000000de380000)
  from space 15360K, 0% used [0x00000000de380000,0x00000000de380000,0x00000000df280000)
  to   space 15872K, 0% used [0x00000000e2580000,0x00000000e2580000,0x00000000e3500000)
 ParOldGen       total 82944K, used 32649K [0x0000000080000000, 0x0000000085100000, 0x00000000d5580000)
  object space 82944K, 39% used [0x0000000080000000,0x0000000081fe2780,0x0000000085100000)
 Metaspace       used 64190K, capacity 67050K, committed 67288K, reserved 1107968K
  class space    used 8847K, capacity 9402K, committed 9472K, reserved 1048576K
Event: 128.113 GC heap after
Heap after GC invocations=19 (full 3):
 PSYoungGen      total 197120K, used 15863K [0x00000000d5580000, 0x00000000e3500000, 0x0000000100000000)
  eden space 181248K, 0% used [0x00000000d5580000,0x00000000d5580000,0x00000000e0680000)
  from space 15872K, 99% used [0x00000000e2580000,0x00000000e34fde40,0x00000000e3500000)
  to   space 19968K, 0% used [0x00000000e0e00000,0x00000000e0e00000,0x00000000e2180000)
 ParOldGen       total 82944K, used 36883K [0x0000000080000000, 0x0000000085100000, 0x00000000d5580000)
  object space 82944K, 44% used [0x0000000080000000,0x0000000082404f60,0x0000000085100000)
 Metaspace       used 64190K, capacity 67050K, committed 67288K, reserved 1107968K
  class space    used 8847K, capacity 9402K, committed 9472K, reserved 1048576K
}
Event: 165.117 GC heap before
{Heap before GC invocations=20 (full 3):
 PSYoungGen      total 197120K, used 197111K [0x00000000d5580000, 0x00000000e3500000, 0x0000000100000000)
  eden space 181248K, 100% used [0x00000000d5580000,0x00000000e0680000,0x00000000e0680000)
  from space 15872K, 99% used [0x00000000e2580000,0x00000000e34fde40,0x00000000e3500000)
  to   space 19968K, 0% used [0x00000000e0e00000,0x00000000e0e00000,0x00000000e2180000)
 ParOldGen       total 82944K, used 36883K [0x0000000080000000, 0x0000000085100000, 0x00000000d5580000)
  object space 82944K, 44% used [0x0000000080000000,0x0000000082404f60,0x0000000085100000)
 Metaspace       used 70606K, capacity 73814K, committed 73944K, reserved 1114112K
  class space    used 9586K, capacity 10214K, committed 10240K, reserved 1048576K
Event: 165.225 GC heap after
Heap after GC invocations=20 (full 3):
 PSYoungGen      total 208896K, used 12435K [0x00000000d5580000, 0x00000000e4800000, 0x0000000100000000)
  eden space 188928K, 0% used [0x00000000d5580000,0x00000000d5580000,0x00000000e0e00000)
  from space 19968K, 62% used [0x00000000e0e00000,0x00000000e1a24e10,0x00000000e2180000)
  to   space 20480K, 0% used [0x00000000e3400000,0x00000000e3400000,0x00000000e4800000)
 ParOldGen       total 82944K, used 44595K [0x0000000080000000, 0x0000000085100000, 0x00000000d5580000)
  object space 82944K, 53% used [0x0000000080000000,0x0000000082b8cfb0,0x0000000085100000)
 Metaspace       used 70606K, capacity 73814K, committed 73944K, reserved 1114112K
  class space    used 9586K, capacity 10214K, committed 10240K, reserved 1048576K
}
Event: 263.341 GC heap before
{Heap before GC invocations=21 (full 3):
 PSYoungGen      total 208896K, used 201363K [0x00000000d5580000, 0x00000000e4800000, 0x0000000100000000)
  eden space 188928K, 100% used [0x00000000d5580000,0x00000000e0e00000,0x00000000e0e00000)
  from space 19968K, 62% used [0x00000000e0e00000,0x00000000e1a24e10,0x00000000e2180000)
  to   space 20480K, 0% used [0x00000000e3400000,0x00000000e3400000,0x00000000e4800000)
 ParOldGen       total 82944K, used 44595K [0x0000000080000000, 0x0000000085100000, 0x00000000d5580000)
  object space 82944K, 53% used [0x0000000080000000,0x0000000082b8cfb0,0x0000000085100000)
 Metaspace       used 80460K, capacity 83970K, committed 84184K, reserved 1122304K
  class space    used 10526K, capacity 11205K, committed 11264K, reserved 1048576K
Event: 263.467 GC heap after
Heap after GC invocations=21 (full 3):
 PSYoungGen      total 222720K, used 20452K [0x00000000d5580000, 0x00000000e5680000, 0x0000000100000000)
  eden space 202240K, 0% used [0x00000000d5580000,0x00000000d5580000,0x00000000e1b00000)
  from space 20480K, 99% used [0x00000000e3400000,0x00000000e47f91b8,0x00000000e4800000)
  to   space 25600K, 0% used [0x00000000e1b00000,0x00000000e1b00000,0x00000000e3400000)
 ParOldGen       total 82944K, used 50620K [0x0000000080000000, 0x0000000085100000, 0x00000000d5580000)
  object space 82944K, 61% used [0x0000000080000000,0x000000008316f1a8,0x0000000085100000)
 Metaspace       used 80460K, capacity 83970K, committed 84184K, reserved 1122304K
  class space    used 10526K, capacity 11205K, committed 11264K, reserved 1048576K
}

