# JRE version: OpenJDK Runtime Environment (8.0_242-b01) (build 1.8.0_242-release-1644-b01)
# Java VM: OpenJDK 64-Bit Server VM (25.242-b01 mixed mode windows-amd64 compressed oops)
Heap:
 PSYoungGen      total 99328K, used 11580K [0x00000000d5580000, 0x00000000dc580000, 0x0000000100000000)
  eden space 86528K, 1% used [0x00000000d5580000,0x00000000d569fbe8,0x00000000daa00000)
  from space 12800K, 81% used [0x00000000db780000,0x00000000dc1af448,0x00000000dc400000)
  to   space 13824K, 0% used [0x00000000daa00000,0x00000000daa00000,0x00000000db780000)
 ParOldGen       total 81408K, used 31165K [0x0000000080000000, 0x0000000084f80000, 0x00000000d5580000)
  object space 81408K, 38% used [0x0000000080000000,0x0000000081e6f750,0x0000000084f80000)
 Metaspace       used 63417K, capacity 66176K, committed 66328K, reserved 1105920K
  class space    used 8714K, capacity 9229K, committed 9264K, reserved 1048576K
GC Heap History (10 events):
Event: 67.536 GC heap before
{Heap before GC invocations=23 (full 2):
 PSYoungGen      total 74240K, used 74238K [0x00000000d5580000, 0x00000000dae80000, 0x0000000100000000)
  eden space 67072K, 100% used [0x00000000d5580000,0x00000000d9700000,0x00000000d9700000)
  from space 7168K, 99% used [0x00000000da080000,0x00000000da77fb30,0x00000000da780000)
  to   space 9728K, 0% used [0x00000000d9700000,0x00000000d9700000,0x00000000da080000)
 ParOldGen       total 48640K, used 21531K [0x0000000080000000, 0x0000000082f80000, 0x00000000d5580000)
  object space 48640K, 44% used [0x0000000080000000,0x0000000081506d40,0x0000000082f80000)
 Metaspace       used 52807K, capacity 54900K, committed 55208K, reserved 1097728K
  class space    used 7090K, capacity 7498K, committed 7600K, reserved 1048576K
Event: 67.573 GC heap after
Heap after GC invocations=23 (full 2):
 PSYoungGen      total 76800K, used 8947K [0x00000000d5580000, 0x00000000db780000, 0x0000000100000000)
  eden space 67072K, 0% used [0x00000000d5580000,0x00000000d5580000,0x00000000d9700000)
  from space 9728K, 91% used [0x00000000d9700000,0x00000000d9fbcf10,0x00000000da080000)
  to   space 10752K, 0% used [0x00000000dad00000,0x00000000dad00000,0x00000000db780000)
 ParOldGen       total 48640K, used 26173K [0x0000000080000000, 0x0000000082f80000, 0x00000000d5580000)
  object space 48640K, 53% used [0x0000000080000000,0x000000008198f790,0x0000000082f80000)
 Metaspace       used 52807K, capacity 54900K, committed 55208K, reserved 1097728K
  class space    used 7090K, capacity 7498K, committed 7600K, reserved 1048576K
}
Event: 72.371 GC heap before
{Heap before GC invocations=24 (full 2):
 PSYoungGen      total 76800K, used 53274K [0x00000000d5580000, 0x00000000db780000, 0x0000000100000000)
  eden space 67072K, 66% used [0x00000000d5580000,0x00000000d80c9c68,0x00000000d9700000)
  from space 9728K, 91% used [0x00000000d9700000,0x00000000d9fbcf10,0x00000000da080000)
  to   space 10752K, 0% used [0x00000000dad00000,0x00000000dad00000,0x00000000db780000)
 ParOldGen       total 48640K, used 26173K [0x0000000080000000, 0x0000000082f80000, 0x00000000d5580000)
  object space 48640K, 53% used [0x0000000080000000,0x000000008198f790,0x0000000082f80000)
 Metaspace       used 56809K, capacity 59078K, committed 59160K, reserved 1099776K
  class space    used 7763K, capacity 8226K, committed 8240K, reserved 1048576K
Event: 72.403 GC heap after
Heap after GC invocations=24 (full 2):
 PSYoungGen      total 88064K, used 9818K [0x00000000d5580000, 0x00000000dba80000, 0x0000000100000000)
  eden space 77312K, 0% used [0x00000000d5580000,0x00000000d5580000,0x00000000da100000)
  from space 10752K, 91% used [0x00000000dad00000,0x00000000db6969a0,0x00000000db780000)
  to   space 12288K, 0% used [0x00000000da100000,0x00000000da100000,0x00000000dad00000)
 ParOldGen       total 48640K, used 26245K [0x0000000080000000, 0x0000000082f80000, 0x00000000d5580000)
  object space 48640K, 53% used [0x0000000080000000,0x00000000819a17a0,0x0000000082f80000)
 Metaspace       used 56809K, capacity 59078K, committed 59160K, reserved 1099776K
  class space    used 7763K, capacity 8226K, committed 8240K, reserved 1048576K
}
Event: 72.403 GC heap before
{Heap before GC invocations=25 (full 3):
 PSYoungGen      total 88064K, used 9818K [0x00000000d5580000, 0x00000000dba80000, 0x0000000100000000)
  eden space 77312K, 0% used [0x00000000d5580000,0x00000000d5580000,0x00000000da100000)
  from space 10752K, 91% used [0x00000000dad00000,0x00000000db6969a0,0x00000000db780000)
  to   space 12288K, 0% used [0x00000000da100000,0x00000000da100000,0x00000000dad00000)
 ParOldGen       total 48640K, used 26245K [0x0000000080000000, 0x0000000082f80000, 0x00000000d5580000)
  object space 48640K, 53% used [0x0000000080000000,0x00000000819a17a0,0x0000000082f80000)
 Metaspace       used 56809K, capacity 59078K, committed 59160K, reserved 1099776K
  class space    used 7763K, capacity 8226K, committed 8240K, reserved 1048576K
Event: 73.108 GC heap after
Heap after GC invocations=25 (full 3):
 PSYoungGen      total 88064K, used 0K [0x00000000d5580000, 0x00000000dba80000, 0x0000000100000000)
  eden space 77312K, 0% used [0x00000000d5580000,0x00000000d5580000,0x00000000da100000)
  from space 10752K, 0% used [0x00000000dad00000,0x00000000dad00000,0x00000000db780000)
  to   space 12288K, 0% used [0x00000000da100000,0x00000000da100000,0x00000000dad00000)
 ParOldGen       total 81408K, used 31149K [0x0000000080000000, 0x0000000084f80000, 0x00000000d5580000)
  object space 81408K, 38% used [0x0000000080000000,0x0000000081e6b750,0x0000000084f80000)
 Metaspace       used 56809K, capacity 59078K, committed 59160K, reserved 1099776K
  class space    used 7763K, capacity 8226K, committed 8240K, reserved 1048576K
}
Event: 80.416 GC heap before
{Heap before GC invocations=26 (full 3):
 PSYoungGen      total 88064K, used 77312K [0x00000000d5580000, 0x00000000dba80000, 0x0000000100000000)
  eden space 77312K, 100% used [0x00000000d5580000,0x00000000da100000,0x00000000da100000)
  from space 10752K, 0% used [0x00000000dad00000,0x00000000dad00000,0x00000000db780000)
  to   space 12288K, 0% used [0x00000000da100000,0x00000000da100000,0x00000000dad00000)
 ParOldGen       total 81408K, used 31149K [0x0000000080000000, 0x0000000084f80000, 0x00000000d5580000)
  object space 81408K, 38% used [0x0000000080000000,0x0000000081e6b750,0x0000000084f80000)
 Metaspace       used 62167K, capacity 64778K, committed 65048K, reserved 1105920K
  class space    used 8632K, capacity 9144K, committed 9264K, reserved 1048576K
Event: 80.450 GC heap after
Heap after GC invocations=26 (full 3):
 PSYoungGen      total 89600K, used 8589K [0x00000000d5580000, 0x00000000dc400000, 0x0000000100000000)
  eden space 77312K, 0% used [0x00000000d5580000,0x00000000d5580000,0x00000000da100000)
  from space 12288K, 69% used [0x00000000da100000,0x00000000da963540,0x00000000dad00000)
  to   space 12800K, 0% used [0x00000000db780000,0x00000000db780000,0x00000000dc400000)
 ParOldGen       total 81408K, used 31157K [0x0000000080000000, 0x0000000084f80000, 0x00000000d5580000)
  object space 81408K, 38% used [0x0000000080000000,0x0000000081e6d750,0x0000000084f80000)
 Metaspace       used 62167K, capacity 64778K, committed 65048K, reserved 1105920K
  class space    used 8632K, capacity 9144K, committed 9264K, reserved 1048576K
}
Event: 88.785 GC heap before
{Heap before GC invocations=27 (full 3):
 PSYoungGen      total 89600K, used 85901K [0x00000000d5580000, 0x00000000dc400000, 0x0000000100000000)
  eden space 77312K, 100% used [0x00000000d5580000,0x00000000da100000,0x00000000da100000)
  from space 12288K, 69% used [0x00000000da100000,0x00000000da963540,0x00000000dad00000)
  to   space 12800K, 0% used [0x00000000db780000,0x00000000db780000,0x00000000dc400000)
 ParOldGen       total 81408K, used 31157K [0x0000000080000000, 0x0000000084f80000, 0x00000000d5580000)
  object space 81408K, 38% used [0x0000000080000000,0x0000000081e6d750,0x0000000084f80000)
 Metaspace       used 63378K, capacity 66172K, committed 66328K, reserved 1105920K
  class space    used 8714K, capacity 9229K, committed 9264K, reserved 1048576K
Event: 88.827 GC heap after
Heap after GC invocations=27 (full 3):
 PSYoungGen      total 99328K, used 10429K [0x00000000d5580000, 0x00000000dc580000, 0x0000000100000000)
  eden space 86528K, 0% used [0x00000000d5580000,0x00000000d5580000,0x00000000daa00000)
  from space 12800K, 81% used [0x00000000db780000,0x00000000dc1af448,0x00000000dc400000)
  to   space 13824K, 0% used [0x00000000daa00000,0x00000000daa00000,0x00000000db780000)
 ParOldGen       total 81408K, used 31165K [0x0000000080000000, 0x0000000084f80000, 0x00000000d5580000)
  object space 81408K, 38% used [0x0000000080000000,0x0000000081e6f750,0x0000000084f80000)
 Metaspace       used 63378K, capacity 66172K, committed 66328K, reserved 1105920K
  class space    used 8714K, capacity 9229K, committed 9264K, reserved 1048576K
}

